<?xml version="1.0" encoding="UTF-8"?>
<!-- Generated by org.testng.reporters.JUnitXMLReporter -->
<testsuite hostname="DESKTOP-PVQAVP0" ignored="0" name="My testNG practice test" tests="5" failures="0" timestamp="24 Jun 2020 12:01:30 GMT" time="44.509" errors="0">
  <testcase name="ForgottenaccountLinkTest" time="0.218" classname="com.mytest.LoginTest"/>
  <testcase name="TermsLinkTest" time="0.478" classname="com.mytest.SignUpTest"/>
  <testcase name="pageTitleTest" time="0.015" classname="com.mytest.LoginTest"/>
  <testcase name="CreatePageLinkClick" time="3.712" classname="com.mytest.SignUpTest"/>
  <testcase name="loginTest" time="6.66" classname="com.mytest.LoginTest"/>
</testsuite> <!-- My testNG practice test -->
