<?xml version="1.0" encoding="UTF-8"?>
<!-- Generated by org.testng.reporters.JUnitXMLReporter -->
<testsuite hostname="DESKTOP-PVQAVP0" ignored="0" name="Login test" tests="3" failures="0" timestamp="24 Jun 2020 13:14:10 GMT" time="47.331" errors="0">
  <testcase name="ForgottenaccountLinkTest" time="0.333" classname="com.mytest.LoginTest"/>
  <testcase name="pageTitleTest" time="0.017" classname="com.mytest.LoginTest"/>
  <testcase name="loginTest" time="9.725" classname="com.mytest.LoginTest"/>
</testsuite> <!-- Login test -->
