<?xml version="1.0" encoding="UTF-8"?>
<testng-results skipped="0" failed="0" ignored="0" total="5" passed="5">
  <reporter-output>
  </reporter-output>
  <suite name="Facebook Regression testNG suite" duration-ms="47331" started-at="2020-06-24T13:13:23Z" finished-at="2020-06-24T13:14:10Z">
    <groups>
    </groups>
    <test name="SignUp test" duration-ms="36736" started-at="2020-06-24T13:13:23Z" finished-at="2020-06-24T13:14:00Z">
      <class name="com.mytest.SignUpTest">
        <test-method status="PASS" signature="setup(java.lang.String)[pri:0, instance:com.mytest.SignUpTest@69ea3742]" name="setup" is-config="true" duration-ms="30452" started-at="2020-06-24T13:13:23Z" finished-at="2020-06-24T13:13:54Z">
          <params>
            <param index="0">
              <value>
                <![CDATA[chrome]]>
              </value>
            </param>
          </params>
          <reporter-output>
          </reporter-output>
        </test-method> <!-- setup -->
        <test-method status="PASS" signature="TermsLinkTest()[pri:1, instance:com.mytest.SignUpTest@69ea3742]" name="TermsLinkTest" duration-ms="275" started-at="2020-06-24T13:13:54Z" finished-at="2020-06-24T13:13:54Z">
          <reporter-output>
          </reporter-output>
        </test-method> <!-- TermsLinkTest -->
        <test-method status="PASS" signature="CreatePageLinkClick()[pri:2, instance:com.mytest.SignUpTest@69ea3742]" name="CreatePageLinkClick" duration-ms="4806" started-at="2020-06-24T13:13:54Z" finished-at="2020-06-24T13:13:59Z">
          <reporter-output>
          </reporter-output>
        </test-method> <!-- CreatePageLinkClick -->
        <test-method status="PASS" signature="closeBrowser()[pri:0, instance:com.mytest.SignUpTest@69ea3742]" name="closeBrowser" is-config="true" duration-ms="1180" started-at="2020-06-24T13:13:59Z" finished-at="2020-06-24T13:14:00Z">
          <reporter-output>
          </reporter-output>
        </test-method> <!-- closeBrowser -->
      </class> <!-- com.mytest.SignUpTest -->
    </test> <!-- SignUp test -->
    <test name="Login test" duration-ms="47331" started-at="2020-06-24T13:13:23Z" finished-at="2020-06-24T13:14:10Z">
      <class name="com.mytest.LoginTest">
        <test-method status="PASS" signature="setup(java.lang.String)[pri:0, instance:com.mytest.LoginTest@31ef45e3]" name="setup" is-config="true" duration-ms="27175" started-at="2020-06-24T13:13:23Z" finished-at="2020-06-24T13:13:50Z">
          <params>
            <param index="0">
              <value>
                <![CDATA[firefox]]>
              </value>
            </param>
          </params>
          <reporter-output>
          </reporter-output>
        </test-method> <!-- setup -->
        <test-method status="PASS" signature="ForgottenaccountLinkTest()[pri:1, instance:com.mytest.LoginTest@31ef45e3]" name="ForgottenaccountLinkTest" duration-ms="333" started-at="2020-06-24T13:13:50Z" finished-at="2020-06-24T13:13:51Z">
          <reporter-output>
          </reporter-output>
        </test-method> <!-- ForgottenaccountLinkTest -->
        <test-method status="PASS" signature="pageTitleTest()[pri:2, instance:com.mytest.LoginTest@31ef45e3]" name="pageTitleTest" duration-ms="17" started-at="2020-06-24T13:13:51Z" finished-at="2020-06-24T13:13:51Z">
          <reporter-output>
          </reporter-output>
        </test-method> <!-- pageTitleTest -->
        <test-method status="PASS" signature="loginTest()[pri:3, instance:com.mytest.LoginTest@31ef45e3]" name="loginTest" duration-ms="9725" started-at="2020-06-24T13:13:51Z" finished-at="2020-06-24T13:14:00Z">
          <reporter-output>
          </reporter-output>
        </test-method> <!-- loginTest -->
        <test-method status="PASS" signature="closeBrowser()[pri:0, instance:com.mytest.LoginTest@31ef45e3]" name="closeBrowser" is-config="true" duration-ms="10009" started-at="2020-06-24T13:14:00Z" finished-at="2020-06-24T13:14:10Z">
          <reporter-output>
          </reporter-output>
        </test-method> <!-- closeBrowser -->
      </class> <!-- com.mytest.LoginTest -->
    </test> <!-- Login test -->
  </suite> <!-- Facebook Regression testNG suite -->
</testng-results>
